<?xml version="1.0" encoding="UTF-8"?>
<!-- Generated by org.testng.reporters.JUnitReportReporter -->
<testsuite hostname="DESKTOP-SB77N2B" failures="0" tests="8" name="TestNG.DataProviderDemoTest" time="0.030" errors="0" timestamp="2022-06-22T11:52:59 IST" skipped="0">
  <testcase classname="TestNG.DataProviderDemoTest" name="test1" time="0.001"/>
  <system-out/>
  <testcase classname="TestNG.DataProviderDemoTest" name="test1" time="0.002"/>
  <system-out/>
  <testcase classname="TestNG.DataProviderDemoTest" name="test" time="0.004"/>
  <system-out/>
  <testcase classname="TestNG.DataProviderDemoTest" name="test" time="0.001"/>
  <system-out/>
  <testcase classname="TestNG.DataProviderDemoTest" name="test" time="0.001"/>
  <system-out/>
  <testcase classname="TestNG.DataProviderDemoTest" name="test1" time="0.007"/>
  <system-out/>
  <testcase classname="TestNG.DataProviderDemoTest" name="test1" time="0.004"/>
  <system-out/>
  <testcase classname="TestNG.DataProviderDemoTest" name="test" time="0.010"/>
  <system-out/>
</testsuite> <!-- TestNG.DataProviderDemoTest -->
