<?xml version="1.0" encoding="UTF-8"?>
<!-- Generated by org.testng.reporters.JUnitReportReporter -->
<testsuite hostname="DESKTOP-SB77N2B" failures="0" tests="2" name="TestNG.GroupsDemoTest" time="0.014" errors="0" timestamp="2022-06-20T11:51:08 IST" skipped="0">
  <testcase classname="TestNG.GroupsDemoTest" name="bTest4" time="0.013"/>
  <system-out/>
  <testcase classname="TestNG.GroupsDemoTest" name="bTest3" time="0.001"/>
  <system-out/>
</testsuite> <!-- TestNG.GroupsDemoTest -->
