<?xml version="1.0" encoding="UTF-8"?>
<!-- Generated by org.testng.reporters.JUnitReportReporter -->
<testsuite hostname="DESKTOP-SB77N2B" failures="0" tests="1" name="PlanTools.GCPQMRgentime" time="60.932" errors="0" timestamp="2022-09-01T12:07:39 IST" skipped="0">
  <testcase classname="PlanTools.GCPQMRgentime" name="qmrGenerate" time="60.932"/>
  <system-out/>
</testsuite> <!-- PlanTools.GCPQMRgentime -->
