<?xml version="1.0" encoding="UTF-8"?>
<!-- Generated by org.testng.reporters.JUnitReportReporter -->
<testsuite hostname="DESKTOP-SB77N2B" failures="0" tests="1" name="TestNG.VerifyTitle" time="13.968" errors="0" timestamp="2022-06-15T12:38:38 IST" skipped="0">
  <testcase classname="TestNG.VerifyTitle" name="titleTest" time="13.968"/>
  <system-out/>
</testsuite> <!-- TestNG.VerifyTitle -->
