<?xml version="1.0" encoding="UTF-8"?>
<!-- Generated by org.testng.reporters.JUnitReportReporter -->
<testsuite hostname="DESKTOP-SB77N2B" failures="0" tests="4" name="TestNG.DataProviderDemoTest2" time="19.641" errors="0" timestamp="2022-06-22T12:49:12 IST" skipped="0">
  <testcase classname="TestNG.DataProviderDemoTest2" name="test" time="2.303"/>
  <system-out/>
  <testcase classname="TestNG.DataProviderDemoTest2" name="test" time="7.435"/>
  <system-out/>
  <testcase classname="TestNG.DataProviderDemoTest2" name="test" time="7.415"/>
  <system-out/>
  <testcase classname="TestNG.DataProviderDemoTest2" name="test" time="2.488"/>
  <system-out/>
</testsuite> <!-- TestNG.DataProviderDemoTest2 -->
