<?xml version="1.0" encoding="UTF-8"?>
<!-- Generated by org.testng.reporters.JUnitReportReporter -->
<testsuite hostname="DESKTOP-SB77N2B" failures="0" tests="3" name="TestNG.SkipDemoTest" time="0.018" errors="0" timestamp="2022-06-21T15:23:44 IST" skipped="3">
  <testcase classname="TestNG.SkipDemoTest" name="skipTest2" time="0.016">
    <skipped/>
  </testcase> <!-- skipTest2 -->
  <system-out/>
  <testcase classname="TestNG.SkipDemoTest" name="skipTest3" time="0.002">
    <skipped/>
  </testcase> <!-- skipTest3 -->
  <system-out/>
  <testcase classname="TestNG.SkipDemoTest" name="skipTest1">
    <skipped/>
  </testcase> <!-- skipTest1 -->
  <system-out/>
</testsuite> <!-- TestNG.SkipDemoTest -->
