<?xml version="1.0" encoding="UTF-8"?>
<!-- Generated by org.testng.reporters.JUnitReportReporter -->
<testsuite hostname="DESKTOP-SB77N2B" failures="0" tests="1" name="PlanTools.ConvertTime" time="14.511" errors="0" timestamp="2022-07-19T11:29:14 IST" skipped="0">
  <testcase classname="PlanTools.ConvertTime" name="calculateTime" time="14.511"/>
  <system-out/>
</testsuite> <!-- PlanTools.ConvertTime -->
